12:06:08.775 > ets Jul 29 2019 12:21:46
12:06:08.775 > 
12:06:08.775 > rst:0x1 (POWERON_RESET),boot:0x13 (SPI_FAST_FLASH_BOOT)
12:06:08.779 > configsip: 0, SPIWP:0xee
12:06:08.781 > clk_drv:0x00,q_drv:0x00,d_drv:0x00,cs0_drv:0x00,hd_drv:0x00,wp_drv:0x00
12:06:08.784 > mode:DIO, clock div:2
12:06:08.784 > load:0x3fff0030,len:1184
12:06:08.793 > load:0x40078000,len:13232
12:06:08.796 > load:0x40080400,len:3028
12:06:08.796 > entry 0x400805e4
12:06:18.321 > ets Jul 29 2019 12:21:46
12:06:18.321 > 
12:06:18.321 > rst:0x1 (POWERON_RESET),boot:0x13 (SPI_FAST_FLASH_BOOT)
12:06:18.327 > configsip: 0, SPIWP:0xee
12:06:18.329 > clk_drv:0x00,q_drv:0x00,d_drv:0x00,cs0_drv:0x00,hd_drv:0x00,wp_drv:0x00
12:06:18.335 > mode:DIO, clock div:2
12:06:18.338 > load:0x3fff0030,len:1184
12:06:18.340 > load:0x40078000,len:13232
12:06:18.343 > load:0x40080400,len:3028
12:06:18.343 > entry 0x400805e4
